{"/Users/Simon/Desktop/tweeter/app/models/user.js":{"path":"/Users/Simon/Desktop/tweeter/app/models/user.js","s":{"1":1,"2":1,"3":1,"4":1,"5":1,"6":2,"7":1,"8":0,"9":1},"b":{},"f":{"1":2,"2":0},"fnMap":{"1":{"name":"(anonymous_1)","line":25,"loc":{"start":{"line":25,"column":34},"end":{"line":25,"column":59}}},"2":{"name":"(anonymous_2)","line":30,"loc":{"start":{"line":30,"column":35},"end":{"line":30,"column":60}}}},"statementMap":{"1":{"start":{"line":1,"column":0},"end":{"line":1,"column":35}},"2":{"start":{"line":2,"column":0},"end":{"line":2,"column":29}},"3":{"start":{"line":3,"column":0},"end":{"line":3,"column":38}},"4":{"start":{"line":5,"column":0},"end":{"line":22,"column":3}},"5":{"start":{"line":25,"column":0},"end":{"line":30,"column":0}},"6":{"start":{"line":26,"column":1},"end":{"line":26,"column":69}},"7":{"start":{"line":30,"column":0},"end":{"line":34,"column":0}},"8":{"start":{"line":31,"column":1},"end":{"line":31,"column":64}},"9":{"start":{"line":34,"column":0},"end":{"line":34,"column":52}}},"branchMap":{}},"/Users/Simon/Desktop/tweeter/app/models/tweet.js":{"path":"/Users/Simon/Desktop/tweeter/app/models/tweet.js","s":{"1":1,"2":1,"3":1,"4":1},"b":{},"f":{},"fnMap":{},"statementMap":{"1":{"start":{"line":1,"column":0},"end":{"line":1,"column":35}},"2":{"start":{"line":2,"column":0},"end":{"line":2,"column":29}},"3":{"start":{"line":4,"column":0},"end":{"line":8,"column":3}},"4":{"start":{"line":10,"column":0},"end":{"line":10,"column":54}}},"branchMap":{}}}